2025-05-08 09:42:45,207 - src.retrieval.vector_store - INFO - Loaded vector store from data/vector_store
2025-05-08 11:39:24,583 - src.retrieval.vector_store - ERROR - Error loading vector store: not enough values to unpack (expected 2, got 1)
2025-05-08 11:39:46,527 - src.retrieval.vector_store - ERROR - Error loading vector store: not enough values to unpack (expected 2, got 1)
2025-05-08 11:45:42,064 - src.retrieval.vector_store - ERROR - Error loading vector store: not enough values to unpack (expected 2, got 1)
2025-05-08 11:46:32,984 - src.retrieval.vector_store - ERROR - Error loading vector store: not enough values to unpack (expected 2, got 1)
2025-05-08 12:01:45,231 - src.retrieval.vector_store - ERROR - Error loading vector store: not enough values to unpack (expected 2, got 1)
2025-05-08 12:01:45,232 - src.retrieval.vector_store - INFO - Initialized empty FAISS indexes
2025-05-08 12:01:45,233 - src.retrieval.vector_store - INFO - Initialized empty FAISS indexes
2025-05-08 12:02:24,653 - src.retrieval.vector_store - ERROR - Error loading vector store: not enough values to unpack (expected 2, got 1)
2025-05-08 12:02:24,653 - src.retrieval.vector_store - INFO - Initialized empty FAISS indexes
2025-05-08 12:02:24,654 - src.retrieval.vector_store - INFO - Initialized empty FAISS indexes
2025-05-08 12:03:31,781 - src.retrieval.vector_store - ERROR - Error loading vector store: not enough values to unpack (expected 2, got 1)
2025-05-08 12:03:31,782 - src.retrieval.vector_store - INFO - Initialized empty FAISS indexes
2025-05-08 12:03:31,783 - src.retrieval.vector_store - INFO - Initialized empty FAISS indexes
2025-05-08 12:04:23,294 - src.retrieval.vector_store - ERROR - Error loading vector store: not enough values to unpack (expected 2, got 1)
2025-05-08 12:04:23,295 - src.retrieval.vector_store - INFO - Initialized empty FAISS indexes
2025-05-08 12:04:23,296 - src.retrieval.vector_store - INFO - Initialized empty FAISS indexes
2025-05-08 12:06:22,032 - src.retrieval.vector_store - ERROR - Error loading vector store: not enough values to unpack (expected 2, got 1)
2025-05-08 12:06:22,032 - src.retrieval.vector_store - INFO - Initialized empty FAISS indexes
2025-05-08 12:06:22,033 - src.retrieval.vector_store - INFO - Initialized empty FAISS indexes
2025-05-08 12:06:45,425 - src.retrieval.vector_store - ERROR - Error loading vector store: not enough values to unpack (expected 2, got 1)
2025-05-08 12:06:45,426 - src.retrieval.vector_store - INFO - Initialized empty FAISS indexes
2025-05-08 12:06:45,427 - src.retrieval.vector_store - INFO - Initialized empty FAISS indexes
2025-05-08 12:07:27,928 - src.retrieval.vector_store - ERROR - Error loading vector store: not enough values to unpack (expected 2, got 1)
2025-05-08 12:07:27,928 - src.retrieval.vector_store - INFO - Initialized empty FAISS indexes
2025-05-08 12:07:27,929 - src.retrieval.vector_store - INFO - Initialized empty FAISS indexes
2025-05-08 12:09:14,824 - src.retrieval.vector_store - ERROR - Error loading vector store: not enough values to unpack (expected 2, got 1)
2025-05-08 12:09:14,824 - src.retrieval.vector_store - INFO - Initialized empty FAISS indexes
2025-05-08 12:09:14,846 - src.retrieval.vector_store - INFO - Initialized empty FAISS indexes
2025-05-08 12:14:27,256 - src.retrieval.vector_store - ERROR - Error loading vector store: not enough values to unpack (expected 2, got 1)
2025-05-08 12:14:27,257 - src.retrieval.vector_store - INFO - Initialized empty FAISS indexes
2025-05-08 12:14:27,258 - src.retrieval.vector_store - INFO - Initialized empty FAISS indexes
2025-05-08 12:15:00,436 - src.retrieval.vector_store - ERROR - Error loading vector store: not enough values to unpack (expected 2, got 1)
2025-05-08 12:15:00,437 - src.retrieval.vector_store - INFO - Initialized empty FAISS indexes
2025-05-08 12:15:00,438 - src.retrieval.vector_store - INFO - Initialized empty FAISS indexes
2025-05-08 12:16:06,691 - src.retrieval.vector_store - ERROR - Error loading vector store: not enough values to unpack (expected 2, got 1)
2025-05-08 12:16:06,692 - src.retrieval.vector_store - INFO - Initialized empty FAISS indexes
2025-05-08 12:16:06,693 - src.retrieval.vector_store - INFO - Initialized empty FAISS indexes
2025-05-08 12:17:31,318 - src.retrieval.vector_store - ERROR - Error loading vector store: not enough values to unpack (expected 2, got 1)
2025-05-08 12:17:31,319 - src.retrieval.vector_store - INFO - Initialized empty FAISS indexes
2025-05-08 12:17:31,319 - src.retrieval.vector_store - INFO - Initialized empty FAISS indexes
2025-05-08 12:18:30,703 - src.retrieval.vector_store - ERROR - Error loading vector store: not enough values to unpack (expected 2, got 1)
2025-05-08 12:18:30,704 - src.retrieval.vector_store - INFO - Initialized empty FAISS indexes
2025-05-08 12:18:30,704 - src.retrieval.vector_store - INFO - Initialized empty FAISS indexes
2025-05-08 12:18:59,680 - src.retrieval.vector_store - ERROR - Error loading vector store: not enough values to unpack (expected 2, got 1)
2025-05-08 12:18:59,681 - src.retrieval.vector_store - INFO - Initialized empty FAISS indexes
2025-05-08 12:18:59,681 - src.retrieval.vector_store - INFO - Initialized empty FAISS indexes
2025-05-08 12:19:37,161 - src.retrieval.vector_store - ERROR - Error loading vector store: not enough values to unpack (expected 2, got 1)
2025-05-08 12:19:37,161 - src.retrieval.vector_store - INFO - Initialized empty FAISS indexes
2025-05-08 12:19:37,161 - src.retrieval.vector_store - INFO - Initialized empty FAISS indexes
2025-05-08 12:20:11,363 - src.retrieval.vector_store - ERROR - Error loading vector store: not enough values to unpack (expected 2, got 1)
2025-05-08 12:20:11,363 - src.retrieval.vector_store - INFO - Initialized empty FAISS indexes
2025-05-08 12:20:11,363 - src.retrieval.vector_store - INFO - Initialized empty FAISS indexes
2025-05-08 12:27:52,077 - src.retrieval.vector_store - ERROR - Error loading vector store: not enough values to unpack (expected 2, got 1)
2025-05-08 12:27:52,078 - src.retrieval.vector_store - INFO - Initialized empty FAISS indexes
2025-05-08 12:27:52,079 - src.retrieval.vector_store - INFO - Initialized empty FAISS indexes
2025-05-08 12:35:31,359 - src.retrieval.vector_store - ERROR - Error loading vector store: not enough values to unpack (expected 2, got 1)
2025-05-08 12:35:31,359 - src.retrieval.vector_store - INFO - Initialized empty FAISS indexes
2025-05-08 12:35:31,360 - src.retrieval.vector_store - INFO - Initialized empty FAISS indexes
2025-05-08 12:40:20,744 - src.retrieval.vector_store - ERROR - Error loading vector store: not enough values to unpack (expected 2, got 1)
2025-05-08 12:40:20,744 - src.retrieval.vector_store - INFO - Initialized empty FAISS indexes
2025-05-08 12:40:20,745 - src.retrieval.vector_store - INFO - Initialized empty FAISS indexes
2025-05-08 12:56:21,949 - src.retrieval.vector_store - ERROR - Error loading vector store: not enough values to unpack (expected 2, got 1)
2025-05-08 12:56:21,950 - src.retrieval.vector_store - INFO - Initialized empty FAISS indexes
2025-05-08 12:56:21,952 - src.retrieval.vector_store - INFO - Initialized empty FAISS indexes
2025-05-08 12:57:14,121 - src.retrieval.vector_store - ERROR - Error loading vector store: not enough values to unpack (expected 2, got 1)
2025-05-08 12:57:14,121 - src.retrieval.vector_store - INFO - Initialized empty FAISS indexes
2025-05-08 12:57:14,122 - src.retrieval.vector_store - INFO - Initialized empty FAISS indexes
2025-05-08 12:57:17,665 - src.retrieval.vector_store - INFO - Added 1 images to vector store
2025-05-08 12:59:19,425 - src.retrieval.vector_store - ERROR - Error loading vector store: not enough values to unpack (expected 2, got 1)
2025-05-08 12:59:19,426 - src.retrieval.vector_store - INFO - Initialized empty FAISS indexes
2025-05-08 12:59:19,427 - src.retrieval.vector_store - INFO - Initialized empty FAISS indexes
2025-05-08 12:59:39,559 - src.retrieval.vector_store - ERROR - Error loading vector store: not enough values to unpack (expected 2, got 1)
2025-05-08 12:59:39,560 - src.retrieval.vector_store - INFO - Initialized empty FAISS indexes
2025-05-08 12:59:39,561 - src.retrieval.vector_store - INFO - Initialized empty FAISS indexes
2025-05-08 13:00:05,946 - src.retrieval.vector_store - ERROR - Error loading vector store: not enough values to unpack (expected 2, got 1)
2025-05-08 13:00:05,947 - src.retrieval.vector_store - INFO - Initialized empty FAISS indexes
2025-05-08 13:00:05,947 - src.retrieval.vector_store - INFO - Initialized empty FAISS indexes
2025-05-08 13:08:16,940 - src.retrieval.vector_store - ERROR - Error loading vector store: not enough values to unpack (expected 2, got 1)
2025-05-08 13:08:16,941 - src.retrieval.vector_store - INFO - Initialized empty FAISS indexes
2025-05-08 13:08:16,941 - src.retrieval.vector_store - INFO - Initialized empty FAISS indexes
2025-05-08 14:12:57,483 - src.retrieval.vector_store - ERROR - Error loading vector store: not enough values to unpack (expected 2, got 1)
2025-05-08 14:12:57,485 - src.retrieval.vector_store - INFO - Initialized empty FAISS indexes
2025-05-08 14:12:57,485 - src.retrieval.vector_store - INFO - Initialized empty FAISS indexes
2025-05-08 14:13:39,614 - src.retrieval.vector_store - ERROR - Error loading vector store: not enough values to unpack (expected 2, got 1)
2025-05-08 14:13:39,615 - src.retrieval.vector_store - INFO - Initialized empty FAISS indexes
2025-05-08 14:13:39,616 - src.retrieval.vector_store - INFO - Initialized empty FAISS indexes
2025-05-08 14:14:00,600 - src.retrieval.vector_store - INFO - Added 66 text documents to vector store
2025-05-08 14:14:00,600 - src.retrieval.vector_store - INFO - Added 10 images to vector store
2025-05-08 14:35:49,918 - src.retrieval.vector_store - ERROR - Error loading vector store: not enough values to unpack (expected 2, got 1)
2025-05-08 14:35:49,919 - src.retrieval.vector_store - INFO - Initialized empty FAISS indexes
2025-05-08 14:35:49,919 - src.retrieval.vector_store - INFO - Initialized empty FAISS indexes
2025-05-08 14:55:47,118 - src.retrieval.vector_store - ERROR - Error loading vector store: not enough values to unpack (expected 2, got 1)
2025-05-08 14:55:47,119 - src.retrieval.vector_store - INFO - Initialized empty FAISS indexes
2025-05-08 14:55:47,119 - src.retrieval.vector_store - INFO - Initialized empty FAISS indexes
2025-05-08 14:56:08,131 - src.retrieval.vector_store - INFO - Added 66 text documents to vector store
2025-05-08 14:56:08,132 - src.retrieval.vector_store - INFO - Added 10 images to vector store
2025-05-08 14:56:08,132 - src.retrieval.vector_store - DEBUG - Attempting to save vector store to: <property object at 0x000001DD6BBE3F10>
2025-05-08 14:56:08,132 - src.retrieval.vector_store - ERROR - Error saving vector store to <property object at 0x000001DD6BBE3F10>: expected str, bytes or os.PathLike object, not property
2025-05-08 15:03:47,087 - src.retrieval.vector_store - INFO - Initialized empty FAISS indexes
2025-05-08 15:04:47,531 - src.retrieval.vector_store - INFO - Initialized empty FAISS indexes
2025-05-08 15:05:18,442 - src.retrieval.vector_store - INFO - Added 66 text documents to vector store
2025-05-08 15:05:18,442 - src.retrieval.vector_store - INFO - Added 10 images to vector store
2025-05-08 15:05:18,443 - src.retrieval.vector_store - DEBUG - Attempting to save vector store to: <property object at 0x0000027DAE134040>
2025-05-08 15:05:18,443 - src.retrieval.vector_store - ERROR - Error saving vector store to <property object at 0x0000027DAE134040>: expected str, bytes or os.PathLike object, not property
2025-05-08 15:19:44,152 - src.retrieval.vector_store - INFO - Initialized empty FAISS indexes
2025-05-08 15:20:33,628 - src.retrieval.vector_store - INFO - Initialized empty FAISS indexes
2025-05-08 15:21:16,825 - src.retrieval.vector_store - INFO - Initialized empty FAISS indexes
2025-05-08 15:22:55,953 - src.retrieval.vector_store - INFO - Initialized empty FAISS indexes
2025-05-08 16:04:45,337 - src.retrieval.vector_store - INFO - Initialized empty FAISS indexes
2025-05-08 16:05:36,029 - src.retrieval.vector_store - INFO - Initialized empty FAISS indexes
2025-05-08 19:05:02,288 - src.retrieval.vector_store - INFO - Initialized empty FAISS indexes
2025-05-08 19:05:17,187 - src.retrieval.vector_store - INFO - Added 66 text documents to vector store
2025-05-08 19:05:17,187 - src.retrieval.vector_store - INFO - Added 10 images to vector store
2025-05-08 19:05:17,187 - src.retrieval.vector_store - DEBUG - Attempting to save vector store to: <property object at 0x0000023985478360>
2025-05-08 19:05:17,187 - src.retrieval.vector_store - ERROR - Error saving vector store to <property object at 0x0000023985478360>: expected str, bytes or os.PathLike object, not property
2025-05-08 19:16:32,632 - src.retrieval.vector_store - INFO - Initialized empty FAISS indexes
2025-05-08 19:17:03,446 - src.retrieval.vector_store - INFO - Initialized empty FAISS indexes
2025-05-08 19:17:25,317 - src.retrieval.vector_store - INFO - Initialized empty FAISS indexes
2025-05-08 19:17:52,637 - src.retrieval.vector_store - INFO - Initialized empty FAISS indexes
2025-05-08 19:18:07,384 - src.retrieval.vector_store - INFO - Added 66 text documents to vector store
2025-05-08 19:18:07,384 - src.retrieval.vector_store - INFO - Added 10 images to vector store
2025-05-08 19:18:07,384 - src.retrieval.vector_store - INFO - Saving vector store to: data\vector_store
2025-05-08 19:18:07,399 - src.retrieval.vector_store - INFO - Successfully saved vector store to data\vector_store
2025-05-08 19:18:55,383 - src.retrieval.vector_store - INFO - Loaded vector store from data\vector_store
2025-05-08 19:21:15,587 - src.retrieval.vector_store - INFO - Loaded vector store from data\vector_store
2025-05-08 19:21:18,577 - src.retrieval.vector_store - INFO - Added 1 images to vector store
2025-05-08 19:21:18,577 - src.retrieval.vector_store - INFO - Saving vector store to: data\vector_store
2025-05-08 19:21:18,579 - src.retrieval.vector_store - INFO - Successfully saved vector store to data\vector_store
2025-05-08 19:21:41,973 - src.retrieval.vector_store - INFO - Loaded vector store from data\vector_store
2025-05-08 19:21:45,346 - src.retrieval.vector_store - INFO - Added 1 images to vector store
2025-05-08 19:21:45,346 - src.retrieval.vector_store - INFO - Saving vector store to: data\vector_store
2025-05-08 19:21:45,348 - src.retrieval.vector_store - INFO - Successfully saved vector store to data\vector_store
2025-05-08 19:23:23,435 - src.retrieval.vector_store - INFO - Loaded vector store from data\vector_store
2025-05-08 19:23:26,479 - src.retrieval.vector_store - INFO - Added 1 images to vector store
2025-05-08 19:23:26,479 - src.retrieval.vector_store - INFO - Saving vector store to: data\vector_store
2025-05-08 19:23:26,481 - src.retrieval.vector_store - INFO - Successfully saved vector store to data\vector_store
2025-05-08 19:24:01,028 - src.retrieval.vector_store - INFO - Loaded vector store from data\vector_store
2025-05-08 19:24:04,135 - src.retrieval.vector_store - INFO - Added 1 images to vector store
2025-05-08 19:24:04,135 - src.retrieval.vector_store - INFO - Saving vector store to: data\vector_store
2025-05-08 19:24:04,138 - src.retrieval.vector_store - INFO - Successfully saved vector store to data\vector_store
2025-05-08 19:24:22,530 - src.retrieval.vector_store - INFO - Loaded vector store from data\vector_store
2025-05-08 19:24:27,298 - src.retrieval.vector_store - INFO - Added 1 images to vector store
2025-05-08 19:24:27,299 - src.retrieval.vector_store - INFO - Saving vector store to: data\vector_store
2025-05-08 19:24:27,309 - src.retrieval.vector_store - INFO - Successfully saved vector store to data\vector_store
2025-05-08 19:25:49,656 - src.retrieval.vector_store - INFO - Loaded vector store from data\vector_store
2025-05-08 19:27:26,551 - src.retrieval.vector_store - INFO - Loaded vector store from data\vector_store
2025-05-08 19:27:59,629 - src.retrieval.vector_store - INFO - Loaded vector store from data\vector_store
2025-05-08 21:22:30,918 - src.retrieval.vector_store - INFO - Loaded vector store from data\vector_store
